<?xml version="1.0" encoding="UTF-8"?>
<!-- Generated by org.testng.reporters.JUnitXMLReporter -->
<testsuite ignored="0" hostname="Hari" failures="0" tests="3" name="Default test" time="7.136" errors="0" timestamp="2024-06-07T13:21:51 IST">
  <testcase classname="api.test.DDTests" name="testPostUser" time="3.007"/>
  <testcase classname="api.test.DDTests" name="testPostUser" time="1.46"/>
  <testcase classname="api.test.DDTests" name="testPostUser" time="1.427"/>
</testsuite> <!-- Default test -->
