<?xml version="1.0" encoding="UTF-8"?>
<testng-results ignored="0" total="4" passed="4" failed="0" skipped="0">
  <reporter-output>
  </reporter-output>
  <suite started-at="2024-06-07T15:27:53 IST" name="PetSuites" finished-at="2024-06-07T15:28:02 IST" duration-ms="8154">
    <groups>
    </groups>
    <test started-at="2024-06-07T15:27:53 IST" name="PetTests" finished-at="2024-06-07T15:28:02 IST" duration-ms="8154">
      <class name="api.test.UserTests2">
        <test-method is-config="true" signature="setup()[pri:0, instance:api.test.UserTests2@22ff4249]" started-at="2024-06-07T15:27:54 IST" name="setup" finished-at="2024-06-07T15:27:54 IST" duration-ms="627" status="PASS">
          <reporter-output>
          </reporter-output>
        </test-method> <!-- setup -->
        <test-method signature="testPostUser()[pri:1, instance:api.test.UserTests2@22ff4249]" started-at="2024-06-07T15:27:54 IST" name="testPostUser" finished-at="2024-06-07T15:27:57 IST" duration-ms="2634" status="PASS">
          <reporter-output>
          </reporter-output>
        </test-method> <!-- testPostUser -->
        <test-method signature="testGetUserByName()[pri:2, instance:api.test.UserTests2@22ff4249]" started-at="2024-06-07T15:27:57 IST" name="testGetUserByName" finished-at="2024-06-07T15:27:58 IST" duration-ms="1183" status="PASS">
          <reporter-output>
          </reporter-output>
        </test-method> <!-- testGetUserByName -->
        <test-method signature="testUpdateUserByName()[pri:3, instance:api.test.UserTests2@22ff4249]" started-at="2024-06-07T15:27:58 IST" name="testUpdateUserByName" finished-at="2024-06-07T15:28:00 IST" duration-ms="2316" status="PASS">
          <reporter-output>
          </reporter-output>
        </test-method> <!-- testUpdateUserByName -->
        <test-method signature="testDeleteUserByName()[pri:4, instance:api.test.UserTests2@22ff4249]" started-at="2024-06-07T15:28:00 IST" name="testDeleteUserByName" finished-at="2024-06-07T15:28:01 IST" duration-ms="1146" status="PASS">
          <reporter-output>
          </reporter-output>
        </test-method> <!-- testDeleteUserByName -->
      </class> <!-- api.test.UserTests2 -->
    </test> <!-- PetTests -->
  </suite> <!-- PetSuites -->
</testng-results>
